<?xml version="1.0" encoding="UTF-8"?>
<!-- Generated by org.testng.reporters.JUnitReportReporter -->
<testsuite hostname="LAPTOP-8HKDTMPM" failures="0" tests="3" name="testNG.EmpAccountTest" time="0.025" errors="0" timestamp="2024-01-24T22:44:50 CET" skipped="0">
  <testcase classname="testNG.EmpAccountTest" name="testEmpAccount" time="0.022"/>
  <system-out/>
  <testcase classname="testNG.EmpAccountTest" name="testEmpAccount" time="0.002"/>
  <system-out/>
  <testcase classname="testNG.EmpAccountTest" name="testEmpAccount" time="0.001"/>
  <system-out/>
</testsuite> <!-- testNG.EmpAccountTest -->
