<?xml version="1.0" encoding="UTF-8"?>
<!-- Generated by org.testng.reporters.JUnitReportReporter -->
<testsuite hostname="LAPTOP-8HKDTMPM" failures="0" tests="3" name="testNG.RectangleTest" time="0.021" errors="0" timestamp="2024-01-24T22:43:02 CET" skipped="0">
  <testcase classname="testNG.RectangleTest" name="testRectangle" time="0.016"/>
  <system-out/>
  <testcase classname="testNG.RectangleTest" name="testRectangle" time="0.002"/>
  <system-out/>
  <testcase classname="testNG.RectangleTest" name="testRectangle" time="0.003"/>
  <system-out/>
</testsuite> <!-- testNG.RectangleTest -->
