<?xml version="1.0" encoding="UTF-8"?>
<!-- Generated by org.testng.reporters.JUnitReportReporter -->
<testsuite hostname="LAPTOP-8HKDTMPM" failures="0" tests="14" name="TestRunner.Runner$TestRunner" time="46.614" errors="0" timestamp="2024-02-09T00:46:19 CET" skipped="0">
  <testcase classname="TestRunner.Runner$TestRunner" name="runScenario" time="7.582"/>
  <testcase classname="TestRunner.Runner$TestRunner" name="runScenario" time="1.466"/>
  <testcase classname="TestRunner.Runner$TestRunner" name="runScenario" time="5.514"/>
  <testcase classname="TestRunner.Runner$TestRunner" name="runScenario" time="3.490"/>
  <testcase classname="TestRunner.Runner$TestRunner" name="runScenario" time="1.585"/>
  <testcase classname="TestRunner.Runner$TestRunner" name="runScenario" time="1.468"/>
  <testcase classname="TestRunner.Runner$TestRunner" name="runScenario" time="6.663"/>
  <testcase classname="TestRunner.Runner$TestRunner" name="runScenario" time="3.583"/>
  <testcase classname="TestRunner.Runner$TestRunner" name="runScenario" time="5.588"/>
  <testcase classname="TestRunner.Runner$TestRunner" name="runScenario" time="3.393"/>
  <testcase classname="TestRunner.Runner$TestRunner" name="runScenario" time="1.525"/>
  <testcase classname="TestRunner.Runner$TestRunner" name="runScenario" time="1.556"/>
  <testcase classname="TestRunner.Runner$TestRunner" name="runScenario" time="1.686"/>
  <testcase classname="TestRunner.Runner$TestRunner" name="runScenario" time="1.515"/>
</testsuite> <!-- TestRunner.Runner$TestRunner -->
